<?xml version="1.0" encoding="UTF-8"?>
<testng-results ignored="0" total="3" passed="3" failed="0" skipped="0">
  <reporter-output>
  </reporter-output>
  <suite started-at="2023-07-13T07:14:32Z" name="Default suite" finished-at="2023-07-13T07:14:32Z" duration-ms="110">
    <groups>
    </groups>
    <test started-at="2023-07-13T07:14:32Z" name="Default test" finished-at="2023-07-13T07:14:32Z" duration-ms="110">
      <class name="testng.TestNG1">
        <test-method is-config="true" signature="beforeMethod()[pri:0, instance:testng.TestNG1@4f32a3ad]" started-at="2023-07-13T07:14:32Z" name="beforeMethod" finished-at="2023-07-13T07:14:32Z" duration-ms="12" status="PASS">
          <reporter-output>
          </reporter-output>
        </test-method> <!-- beforeMethod -->
        <test-method signature="test1()[pri:0, instance:testng.TestNG1@4f32a3ad]" started-at="2023-07-13T07:14:32Z" name="test1" finished-at="2023-07-13T07:14:32Z" duration-ms="15" status="PASS">
          <reporter-output>
          </reporter-output>
        </test-method> <!-- test1 -->
        <test-method is-config="true" signature="afterMethod()[pri:0, instance:testng.TestNG1@4f32a3ad]" started-at="2023-07-13T07:14:32Z" name="afterMethod" finished-at="2023-07-13T07:14:32Z" duration-ms="8" status="PASS">
          <reporter-output>
          </reporter-output>
        </test-method> <!-- afterMethod -->
        <test-method is-config="true" signature="beforeMethod()[pri:0, instance:testng.TestNG1@4f32a3ad]" started-at="2023-07-13T07:14:32Z" name="beforeMethod" finished-at="2023-07-13T07:14:32Z" duration-ms="1" status="PASS">
          <reporter-output>
          </reporter-output>
        </test-method> <!-- beforeMethod -->
        <test-method signature="test2()[pri:0, instance:testng.TestNG1@4f32a3ad]" started-at="2023-07-13T07:14:32Z" name="test2" finished-at="2023-07-13T07:14:32Z" duration-ms="4" status="PASS">
          <reporter-output>
          </reporter-output>
        </test-method> <!-- test2 -->
        <test-method is-config="true" signature="afterMethod()[pri:0, instance:testng.TestNG1@4f32a3ad]" started-at="2023-07-13T07:14:32Z" name="afterMethod" finished-at="2023-07-13T07:14:32Z" duration-ms="3" status="PASS">
          <reporter-output>
          </reporter-output>
        </test-method> <!-- afterMethod -->
        <test-method is-config="true" signature="beforeMethod()[pri:0, instance:testng.TestNG1@4f32a3ad]" started-at="2023-07-13T07:14:32Z" name="beforeMethod" finished-at="2023-07-13T07:14:32Z" duration-ms="1" status="PASS">
          <reporter-output>
          </reporter-output>
        </test-method> <!-- beforeMethod -->
        <test-method signature="test3()[pri:0, instance:testng.TestNG1@4f32a3ad]" started-at="2023-07-13T07:14:32Z" name="test3" finished-at="2023-07-13T07:14:32Z" duration-ms="6" status="PASS">
          <reporter-output>
          </reporter-output>
        </test-method> <!-- test3 -->
        <test-method is-config="true" signature="afterMethod()[pri:0, instance:testng.TestNG1@4f32a3ad]" started-at="2023-07-13T07:14:32Z" name="afterMethod" finished-at="2023-07-13T07:14:32Z" duration-ms="6" status="PASS">
          <reporter-output>
          </reporter-output>
        </test-method> <!-- afterMethod -->
      </class> <!-- testng.TestNG1 -->
    </test> <!-- Default test -->
  </suite> <!-- Default suite -->
</testng-results>
